<?xml version="1.0" encoding="UTF-8"?>
<!-- Generated by org.testng.reporters.JUnitReportReporter -->
<testsuite skipped="0" hostname="TO-83W6HL2-D" name="com.techouts.fanniemae.supplier.BrowseSupplierContact" tests="1" failures="0" timestamp="2020-01-08T15:55:49 IST" time="165.778" errors="0">
  <testcase name="supplierContact" time="165.778" classname="com.techouts.fanniemae.supplier.BrowseSupplierContact"/>
</testsuite> <!-- com.techouts.fanniemae.supplier.BrowseSupplierContact -->
