<?xml version="1.0" encoding="UTF-8"?>
<!-- Generated by org.testng.reporters.JUnitReportReporter -->
<testsuite skipped="0" hostname="TO-49MSFD2-D" name="com.techouts.fanniemae.testcases.CreateRequisitionsTest" tests="2" failures="0" timestamp="2020-01-16T16:00:58 IST" time="131.571" errors="0">
  <testcase name="createSpecialRequestsRequisitions" time="107.205" classname="com.techouts.fanniemae.testcases.CreateRequisitionsTest"/>
  <testcase name="commodityApprovalforSubmittedRequest" time="24.366" classname="com.techouts.fanniemae.testcases.CreateRequisitionsTest"/>
</testsuite> <!-- com.techouts.fanniemae.testcases.CreateRequisitionsTest -->
