<?xml version="1.0" encoding="UTF-8"?>
<!-- Generated by org.testng.reporters.JUnitReportReporter -->
<testsuite skipped="0" hostname="TO-49MSFD2-D" name="com.techouts.fanniemae.supplier.SupplierReg" tests="1" failures="0" timestamp="2020-01-11T11:57:11 IST" time="61.920" errors="0">
  <testcase name="supplierRegistrations" time="61.920" classname="com.techouts.fanniemae.supplier.SupplierReg"/>
</testsuite> <!-- com.techouts.fanniemae.supplier.SupplierReg -->
