<?xml version="1.0" encoding="UTF-8"?>
<!-- Generated by org.testng.reporters.JUnitReportReporter -->
<testsuite skipped="0" hostname="TO-83W6HL2-D" name="com.techouts.fanniemae.supplier.SupplierDocuments" tests="1" failures="0" timestamp="2020-01-08T11:22:56 IST" time="133.616" errors="0">
  <testcase name="supplierDoc" time="133.616" classname="com.techouts.fanniemae.supplier.SupplierDocuments"/>
</testsuite> <!-- com.techouts.fanniemae.supplier.SupplierDocuments -->
