<?xml version="1.0" encoding="UTF-8"?>
<!-- Generated by org.testng.reporters.JUnitReportReporter -->
<testsuite skipped="0" hostname="TO-49MSFD2-D" name="com.techouts.fanniemae.supplier.ConfigureQuestionnaire" tests="1" failures="0" timestamp="2020-01-10T18:12:09 IST" time="86.360" errors="0">
  <testcase name="configureQuestionnaires" time="86.360" classname="com.techouts.fanniemae.supplier.ConfigureQuestionnaire"/>
</testsuite> <!-- com.techouts.fanniemae.supplier.ConfigureQuestionnaire -->
