<?xml version="1.0" encoding="UTF-8"?>
<!-- Generated by org.testng.reporters.JUnitReportReporter -->
<testsuite skipped="0" hostname="TO-49MSFD2-D" name="com.techouts.fanniemae.supplier.Unduplicate_Supplier" tests="1" failures="0" timestamp="2020-01-11T12:14:08 IST" time="46.795" errors="0">
  <testcase name="unduplicateSupplier" time="46.795" classname="com.techouts.fanniemae.supplier.Unduplicate_Supplier"/>
</testsuite> <!-- com.techouts.fanniemae.supplier.Unduplicate_Supplier -->
