<?xml version="1.0" encoding="UTF-8"?>
<!-- Generated by org.testng.reporters.JUnitReportReporter -->
<testsuite skipped="0" hostname="TO-83W6HL2-D" name="com.techouts.fanniemae.supplier.Evalutions" tests="1" failures="0" timestamp="2020-01-08T11:22:56 IST" time="216.014" errors="0">
  <testcase name="evalutions" time="216.014" classname="com.techouts.fanniemae.supplier.Evalutions"/>
</testsuite> <!-- com.techouts.fanniemae.supplier.Evalutions -->
