<?xml version="1.0" encoding="UTF-8"?>
<!-- Generated by org.testng.reporters.JUnitReportReporter -->
<testsuite skipped="0" hostname="TO-49MSFD2-D" name="com.techouts.fanniemae.supplier.SupplierRiskIndicator" tests="1" failures="0" timestamp="2020-01-11T12:07:03 IST" time="49.273" errors="0">
  <testcase name="supplierRiskIndicator" time="49.273" classname="com.techouts.fanniemae.supplier.SupplierRiskIndicator"/>
</testsuite> <!-- com.techouts.fanniemae.supplier.SupplierRiskIndicator -->
