<?xml version="1.0" encoding="UTF-8"?>
<!-- Generated by org.testng.reporters.JUnitReportReporter -->
<testsuite skipped="0" hostname="TO-83W6HL2-D" name="com.techouts.fanniemae.testcases.SupplierReg" tests="1" failures="0" timestamp="2020-01-02T12:41:16 IST" time="50.479" errors="0">
  <testcase name="supplierRegistrations" time="50.479" classname="com.techouts.fanniemae.testcases.SupplierReg"/>
</testsuite> <!-- com.techouts.fanniemae.testcases.SupplierReg -->
